<?xml version="1.0" encoding="UTF-8"?>
<!-- Generated by org.testng.reporters.JUnitXMLReporter -->
<testsuite ignored="0" hostname="DESKTOP-HIUNGH3" failures="0" tests="4" name="Default test" time="40.271" errors="0" timestamp="2026-04-17T12:33:42 IST">
  <testcase classname="tests.EcommerceTest" name="loginTest" time="1.917"/>
  <testcase classname="tests.EcommerceTest" name="checkoutTest" time="5.107"/>
  <testcase classname="tests.EcommerceTest" name="cartTest" time="4.884"/>
  <testcase classname="tests.EcommerceTest" name="searchTest" time="1.222"/>
</testsuite> <!-- Default test -->
