<?xml version="1.0" encoding="UTF-8"?>
<testng-results ignored="0" total="4" passed="4" failed="0" skipped="0">
  <reporter-output>
  </reporter-output>
  <suite started-at="2026-04-17T12:33:02 IST" name="Default suite" finished-at="2026-04-17T12:33:42 IST" duration-ms="40271">
    <groups>
      <group name="high">
        <method signature="EcommerceTest.loginTest()[pri:1, instance:tests.EcommerceTest@2aceadd4]" name="loginTest" class="tests.EcommerceTest"/>
        <method signature="EcommerceTest.checkoutTest()[pri:2, instance:tests.EcommerceTest@2aceadd4]" name="checkoutTest" class="tests.EcommerceTest"/>
      </group> <!-- high -->
      <group name="medium">
        <method signature="EcommerceTest.cartTest()[pri:3, instance:tests.EcommerceTest@2aceadd4]" name="cartTest" class="tests.EcommerceTest"/>
        <method signature="EcommerceTest.searchTest()[pri:4, instance:tests.EcommerceTest@2aceadd4]" name="searchTest" class="tests.EcommerceTest"/>
      </group> <!-- medium -->
    </groups>
    <test started-at="2026-04-17T12:33:02 IST" name="Default test" finished-at="2026-04-17T12:33:42 IST" duration-ms="40271">
      <class name="tests.EcommerceTest">
        <test-method is-config="true" signature="setUp()[pri:0, instance:tests.EcommerceTest@2aceadd4]" started-at="2026-04-17T12:33:02 IST" name="setUp" finished-at="2026-04-17T12:33:13 IST" duration-ms="10512" status="PASS">
          <reporter-output>
          </reporter-output>
        </test-method> <!-- setUp -->
        <test-method signature="loginTest()[pri:1, instance:tests.EcommerceTest@2aceadd4]" started-at="2026-04-17T12:33:13 IST" name="loginTest" finished-at="2026-04-17T12:33:15 IST" duration-ms="1917" status="PASS">
          <reporter-output>
          </reporter-output>
        </test-method> <!-- loginTest -->
        <test-method is-config="true" signature="tearDown()[pri:0, instance:tests.EcommerceTest@2aceadd4]" started-at="2026-04-17T12:33:15 IST" name="tearDown" finished-at="2026-04-17T12:33:15 IST" duration-ms="480" status="PASS">
          <reporter-output>
          </reporter-output>
        </test-method> <!-- tearDown -->
        <test-method is-config="true" signature="setUp()[pri:0, instance:tests.EcommerceTest@2aceadd4]" started-at="2026-04-17T12:33:15 IST" name="setUp" finished-at="2026-04-17T12:33:20 IST" duration-ms="4833" status="PASS">
          <reporter-output>
          </reporter-output>
        </test-method> <!-- setUp -->
        <test-method signature="checkoutTest()[pri:2, instance:tests.EcommerceTest@2aceadd4]" started-at="2026-04-17T12:33:20 IST" name="checkoutTest" finished-at="2026-04-17T12:33:25 IST" duration-ms="5107" status="PASS">
          <reporter-output>
          </reporter-output>
        </test-method> <!-- checkoutTest -->
        <test-method is-config="true" signature="tearDown()[pri:0, instance:tests.EcommerceTest@2aceadd4]" started-at="2026-04-17T12:33:25 IST" name="tearDown" finished-at="2026-04-17T12:33:25 IST" duration-ms="327" status="PASS">
          <reporter-output>
          </reporter-output>
        </test-method> <!-- tearDown -->
        <test-method is-config="true" signature="setUp()[pri:0, instance:tests.EcommerceTest@2aceadd4]" started-at="2026-04-17T12:33:25 IST" name="setUp" finished-at="2026-04-17T12:33:30 IST" duration-ms="5069" status="PASS">
          <reporter-output>
          </reporter-output>
        </test-method> <!-- setUp -->
        <test-method signature="cartTest()[pri:3, instance:tests.EcommerceTest@2aceadd4]" started-at="2026-04-17T12:33:30 IST" name="cartTest" finished-at="2026-04-17T12:33:35 IST" duration-ms="4884" status="PASS">
          <reporter-output>
          </reporter-output>
        </test-method> <!-- cartTest -->
        <test-method is-config="true" signature="tearDown()[pri:0, instance:tests.EcommerceTest@2aceadd4]" started-at="2026-04-17T12:33:35 IST" name="tearDown" finished-at="2026-04-17T12:33:36 IST" duration-ms="439" status="PASS">
          <reporter-output>
          </reporter-output>
        </test-method> <!-- tearDown -->
        <test-method is-config="true" signature="setUp()[pri:0, instance:tests.EcommerceTest@2aceadd4]" started-at="2026-04-17T12:33:36 IST" name="setUp" finished-at="2026-04-17T12:33:41 IST" duration-ms="4967" status="PASS">
          <reporter-output>
          </reporter-output>
        </test-method> <!-- setUp -->
        <test-method signature="searchTest()[pri:4, instance:tests.EcommerceTest@2aceadd4]" started-at="2026-04-17T12:33:41 IST" name="searchTest" finished-at="2026-04-17T12:33:42 IST" duration-ms="1222" status="PASS">
          <reporter-output>
          </reporter-output>
        </test-method> <!-- searchTest -->
        <test-method is-config="true" signature="tearDown()[pri:0, instance:tests.EcommerceTest@2aceadd4]" started-at="2026-04-17T12:33:42 IST" name="tearDown" finished-at="2026-04-17T12:33:42 IST" duration-ms="337" status="PASS">
          <reporter-output>
          </reporter-output>
        </test-method> <!-- tearDown -->
      </class> <!-- tests.EcommerceTest -->
    </test> <!-- Default test -->
  </suite> <!-- Default suite -->
</testng-results>
