<?xml version="1.0" encoding="UTF-8"?>
<testng-results ignored="0" total="1" passed="1" failed="0" skipped="0">
  <reporter-output>
  </reporter-output>
  <suite started-at="2026-04-16T23:53:33 IST" name="Suite" finished-at="2026-04-16T23:53:47 IST" duration-ms="14309">
    <groups>
    </groups>
    <test started-at="2026-04-16T23:53:33 IST" name="EcommerceTest" finished-at="2026-04-16T23:53:47 IST" duration-ms="14309">
      <class name="tests.EcommerceTest">
        <test-method is-config="true" signature="setUp()[pri:0, instance:tests.EcommerceTest@489115ef]" started-at="2026-04-16T23:53:33 IST" name="setUp" finished-at="2026-04-16T23:53:41 IST" duration-ms="8117" status="PASS">
          <reporter-output>
          </reporter-output>
        </test-method> <!-- setUp -->
        <test-method signature="fullFlowTest()[pri:0, instance:tests.EcommerceTest@489115ef]" started-at="2026-04-16T23:53:41 IST" name="fullFlowTest" finished-at="2026-04-16T23:53:47 IST" duration-ms="5793" status="PASS">
          <reporter-output>
          </reporter-output>
        </test-method> <!-- fullFlowTest -->
        <test-method is-config="true" signature="tearDown()[pri:0, instance:tests.EcommerceTest@489115ef]" started-at="2026-04-16T23:53:47 IST" name="tearDown" finished-at="2026-04-16T23:53:47 IST" duration-ms="313" status="PASS">
          <reporter-output>
          </reporter-output>
        </test-method> <!-- tearDown -->
      </class> <!-- tests.EcommerceTest -->
    </test> <!-- EcommerceTest -->
  </suite> <!-- Suite -->
</testng-results>
