<?xml version="1.0" encoding="UTF-8"?>
<!-- Generated by org.testng.reporters.JUnitReportReporter -->
<testsuite hostname="DESKTOP-HIUNGH3" failures="0" tests="4" name="tests.EcommerceTest" time="40.094" errors="0" timestamp="2026-04-17T12:33:42 IST" skipped="0">
  <testcase classname="tests.EcommerceTest" name="loginTest" time="12.756"/>
  <testcase classname="tests.EcommerceTest" name="checkoutTest" time="10.656"/>
  <testcase classname="tests.EcommerceTest" name="cartTest" time="10.188"/>
  <testcase classname="tests.EcommerceTest" name="searchTest" time="6.494"/>
</testsuite> <!-- tests.EcommerceTest -->
